<?xml version="1.0" encoding="UTF-8"?>
<!-- Generated by org.testng.reporters.JUnitXMLReporter -->
<testsuite ignored="0" hostname="DESKTOP-S83HV1A" failures="1" tests="1" name="chromeTest" time="10.163" errors="0" timestamp="2024-11-24T21:45:47 PST">
  <testcase classname="TestCases.Login_Test" name="Login_Opencart" time="0.0">
    <failure type="java.lang.RuntimeException" message="java.lang.ArrayIndexOutOfBoundsException: Index 5 out of bounds for length 5">
      <![CDATA[java.lang.RuntimeException: java.lang.ArrayIndexOutOfBoundsException: Index 5 out of bounds for length 5
at java.base/java.util.ArrayList.forEach(ArrayList.java:1596)
Caused by: java.lang.ArrayIndexOutOfBoundsException: Index 5 out of bounds for length 5
at page_object.Data_ProviderClass.dataProvider_forLoginTest(Data_ProviderClass.java:28)
... 25 more
... Removed 30 stack frames]]>
    </failure>
  </testcase> <!-- Login_Opencart -->
</testsuite> <!-- chromeTest -->
