<?xml version="1.0" encoding="UTF-8"?>
<!-- Generated by org.testng.reporters.JUnitXMLReporter -->
<testsuite ignored="0" hostname="DESKTOP-S83HV1A" failures="1" tests="5" name="Test" time="66.807" errors="0" timestamp="2024-12-16T06:45:03 PST">
  <testcase classname="TestCases.Registration_Test" name="verifyUserSuccesfully_RegisterOrNot" time="3.849"/>
  <testcase classname="TestCases.Registration_Test" name="verifyUserEnter_AlredyRegisterEmailId_thenItGetErrorMsg" time="3.432"/>
  <testcase classname="TestCases.Registration_Test" name="verifyUserEnter_BlankName_ErrormsgShouldDisplay" time="2.814"/>
  <testcase classname="TestCases.Registration_Test" name="verifyuserEnter_InvalidEmail" time="2.807"/>
  <testcase classname="TestCases.Registration_Test" name="verifyUserStart_FirstNameFrom_Number" time="3.972">
    <failure type="java.lang.AssertionError" message="expected [true] but found [false]">
      <![CDATA[java.lang.AssertionError: expected [true] but found [false]
at TestCases.Registration_Test.verifyUserStart_FirstNameFrom_Number(Registration_Test.java:123)
at java.base/java.util.ArrayList.forEach(ArrayList.java:1596)
... Removed 29 stack frames]]>
    </failure>
  </testcase> <!-- verifyUserStart_FirstNameFrom_Number -->
</testsuite> <!-- Test -->
